d:\yolo_mark-master\x64\release\vc141.pdb
d:\yolo_mark-master\x64\release\main.obj
d:\yolo_mark-master\x64\release\yolo_mark.exe
d:\yolo_mark-master\x64\release\yolo_mark.pdb
d:\yolo_mark-master\x64\release\yolo_mark.ipdb
d:\yolo_mark-master\x64\release\yolo_mark.iobj
d:\yolo_mark-master\x64\release\vcpkg.applocal.log
d:\yolo_mark-master\x64\release\opencv_core343.dll
d:\yolo_mark-master\x64\release\zlib1.dll
d:\yolo_mark-master\x64\release\opencv_highgui343.dll
d:\yolo_mark-master\x64\release\opencv_videoio343.dll
d:\yolo_mark-master\x64\release\opencv_imgcodecs343.dll
d:\yolo_mark-master\x64\release\opencv_imgproc343.dll
d:\yolo_mark-master\x64\release\jpeg62.dll
d:\yolo_mark-master\x64\release\libpng16.dll
d:\yolo_mark-master\x64\release\lzma.dll
d:\yolo_mark-master\x64\release\opencv_video343.dll
d:\yolo_mark-master\x64\release\yolo_mark.tlog\cl.command.1.tlog
d:\yolo_mark-master\x64\release\yolo_mark.tlog\cl.read.1.tlog
d:\yolo_mark-master\x64\release\yolo_mark.tlog\cl.write.1.tlog
d:\yolo_mark-master\x64\release\yolo_mark.tlog\link.command.1.tlog
d:\yolo_mark-master\x64\release\yolo_mark.tlog\link.read.1.tlog
d:\yolo_mark-master\x64\release\yolo_mark.tlog\link.write.1.tlog
d:\yolo_mark-master\x64\release\yolo_mark.tlog\yolo_mark.write.1u.tlog
